<?xml version="1.0" encoding="UTF-8"?>
<!-- Generated by org.testng.reporters.JUnitReportReporter -->
<testsuite hostname="ANIMESH-PC" name="NewTest" tests="2" failures="0" timestamp="16 May 2020 07:38:34 GMT" time="0.004" errors="0">
  <testcase name="test11" time="0.002" classname="NewTest"/>
  <testcase name="test12" time="0.002" classname="NewTest"/>
</testsuite> <!-- NewTest -->
