<?xml version="1.0" encoding="UTF-8"?>
<!-- Generated by org.testng.reporters.JUnitReportReporter -->
<testsuite hostname="ANIMESH-PC" name="com.java.mavenproject.jenkinsproject.NewTest2" tests="2" failures="0" timestamp="16 May 2020 07:44:20 GMT" time="0.006" errors="0">
  <testcase name="test21" time="0.003" classname="com.java.mavenproject.jenkinsproject.NewTest2"/>
  <testcase name="test22" time="0.003" classname="com.java.mavenproject.jenkinsproject.NewTest2"/>
</testsuite> <!-- com.java.mavenproject.jenkinsproject.NewTest2 -->
