<?xml version="1.0" encoding="UTF-8"?>
<!-- Generated by org.testng.reporters.JUnitReportReporter -->
<testsuite hostname="ANIMESH-PC" name="com.java.mavenproject.jenkinsproject.NewTest" tests="2" failures="0" timestamp="16 May 2020 07:44:20 GMT" time="0.019" errors="0">
  <testcase name="test12" time="0.006" classname="com.java.mavenproject.jenkinsproject.NewTest"/>
  <testcase name="test11" time="0.013" classname="com.java.mavenproject.jenkinsproject.NewTest"/>
</testsuite> <!-- com.java.mavenproject.jenkinsproject.NewTest -->
